0 info it worked if it ends with ok
1 verbose cli [ 'C:\\nodejs\\node.exe',
1 verbose cli   'C:\\nodejs\\node_modules\\npm\\bin\\npm-cli.js',
1 verbose cli   'pack' ]
2 info using npm@2.15.9
3 info using node@v4.6.0
4 silly cache add args [ '.', null ]
5 verbose cache add spec .
6 silly cache add parsed spec Result {
6 silly cache add   raw: '.',
6 silly cache add   scope: null,
6 silly cache add   name: null,
6 silly cache add   rawSpec: '.',
6 silly cache add   spec: 'C:\\Users\\johnc1\\Documents\\JS Projects\\appinsights-angularjs',
6 silly cache add   type: 'directory' }
7 verbose addLocalDirectory C:\Users\johnc1\AppData\Roaming\npm-cache\appinsights-angularjs\0.1.0\package.tgz not in flight; packing
8 verbose correctMkdir C:\Users\johnc1\AppData\Roaming\npm-cache correctMkdir not in flight; initializing
9 verbose tar pack [ 'C:\\Users\\johnc1\\AppData\\Roaming\\npm-cache\\appinsights-angularjs\\0.1.0\\package.tgz',
9 verbose tar pack   'C:\\Users\\johnc1\\Documents\\JS Projects\\appinsights-angularjs' ]
10 verbose tarball C:\Users\johnc1\AppData\Roaming\npm-cache\appinsights-angularjs\0.1.0\package.tgz
11 verbose folder C:\Users\johnc1\Documents\JS Projects\appinsights-angularjs
12 info prepublish appinsights-angularjs@0.1.0
13 error addLocal Could not install C:\Users\johnc1\Documents\JS Projects\appinsights-angularjs
14 verbose stack Error: ENOENT: no such file or directory, scandir 'C:\Users\johnc1\AppData\Roaming\npm-cache\appinsights-angularjs\0.1.0\package.tgz'
14 verbose stack     at Error (native)
15 verbose cwd C:\Users\johnc1\Documents\JS Projects\appinsights-angularjs
16 error Windows_NT 6.1.7601
17 error argv "C:\\nodejs\\node.exe" "C:\\nodejs\\node_modules\\npm\\bin\\npm-cli.js" "pack"
18 error node v4.6.0
19 error npm  v2.15.9
20 error path C:\Users\johnc1\AppData\Roaming\npm-cache\appinsights-angularjs\0.1.0\package.tgz
21 error code ENOENT
22 error errno -4058
23 error syscall scandir
24 error enoent ENOENT: no such file or directory, scandir 'C:\Users\johnc1\AppData\Roaming\npm-cache\appinsights-angularjs\0.1.0\package.tgz'
24 error enoent This is most likely not a problem with npm itself
24 error enoent and is related to npm not being able to find a file.
25 verbose exit [ -4058, true ]
